INFO: [VRFC 10-2263] Analyzing Verilog file "G:/verilog_files/Image_Processing/Image_Processing.srcs/sources_1/new/thresh_sobel_pipe_stage.v" into library xil_defaultlib
INFO: [VRFC 10-311] analyzing module thresh_sobel_pipe_stage
INFO: [VRFC 10-2263] Analyzing Verilog file "G:/verilog_files/Image_Processing/Image_Processing.srcs/sources_1/new/pipe_stage_MAC_sharp.v" into library xil_defaultlib
INFO: [VRFC 10-311] analyzing module pipe_stage_MAC_sharp
INFO: [VRFC 10-2263] Analyzing Verilog file "G:/verilog_files/Image_Processing/Image_Processing.srcs/sources_1/new/pipe_stage_MAC_gblur.v" into library xil_defaultlib
INFO: [VRFC 10-311] analyzing module pipe_stage_MAC_gblur
INFO: [VRFC 10-2263] Analyzing Verilog file "G:/verilog_files/Image_Processing/Image_Processing.srcs/sources_1/new/pipe_stage_MAC.v" into library xil_defaultlib
INFO: [VRFC 10-311] analyzing module pipe_stage_MAC
INFO: [VRFC 10-2263] Analyzing Verilog file "G:/verilog_files/Image_Processing/Image_Processing.srcs/sources_1/new/pipe_stage_conv_sharp.v" into library xil_defaultlib
INFO: [VRFC 10-311] analyzing module pipe_stage_conv_sharp
INFO: [VRFC 10-2263] Analyzing Verilog file "G:/verilog_files/Image_Processing/Image_Processing.srcs/sources_1/new/pipe_stage_conv_gblur.v" into library xil_defaultlib
INFO: [VRFC 10-311] analyzing module pipe_stage_conv_gblur
INFO: [VRFC 10-2263] Analyzing Verilog file "G:/verilog_files/Image_Processing/Image_Processing.srcs/sources_1/new/pipe_stage_conv.v" into library xil_defaultlib
INFO: [VRFC 10-311] analyzing module pipe_stage_conv
INFO: [VRFC 10-2263] Analyzing Verilog file "G:/verilog_files/Image_Processing/Image_Processing.srcs/sources_1/new/pipe_stage_buff_gblur.v" into library xil_defaultlib
INFO: [VRFC 10-311] analyzing module pipe_stage_buff_gblur
INFO: [VRFC 10-2263] Analyzing Verilog file "G:/verilog_files/Image_Processing/Image_Processing.srcs/sources_1/new/mac_sobel_pipe_stage.v" into library xil_defaultlib
INFO: [VRFC 10-311] analyzing module mac_sobel_pipe_stage
INFO: [VRFC 10-2263] Analyzing Verilog file "G:/verilog_files/Image_Processing/Image_Processing.srcs/sources_1/new/con_sobel_pipe_stage.v" into library xil_defaultlib
INFO: [VRFC 10-311] analyzing module con_sobel_pipe_stage
INFO: [VRFC 10-2263] Analyzing Verilog file "G:/verilog_files/Image_Processing/Image_Processing.srcs/sources_1/new/line_buffer.v" into library xil_defaultlib
WARNING: [VRFC 10-159] /* in comment [G:/verilog_files/Image_Processing/Image_Processing.srcs/sources_1/new/line_buffer.v:59]
INFO: [VRFC 10-311] analyzing module line_buffer
INFO: [VRFC 10-2263] Analyzing Verilog file "G:/verilog_files/Image_Processing/Image_Processing.srcs/sources_1/new/inversion.v" into library xil_defaultlib
INFO: [VRFC 10-311] analyzing module inversion
INFO: [VRFC 10-2263] Analyzing Verilog file "G:/verilog_files/Image_Processing/Image_Processing.srcs/sources_1/new/contrast_inc.v" into library xil_defaultlib
INFO: [VRFC 10-311] analyzing module contrast_inc
INFO: [VRFC 10-2263] Analyzing Verilog file "G:/verilog_files/Image_Processing/Image_Processing.srcs/sources_1/new/contrast_dec.v" into library xil_defaultlib
INFO: [VRFC 10-311] analyzing module contrast_dec
INFO: [VRFC 10-2263] Analyzing Verilog file "G:/verilog_files/Image_Processing/Image_Processing.srcs/sources_1/new/sobel_filter.v" into library xil_defaultlib
INFO: [VRFC 10-311] analyzing module sobel_filter
INFO: [VRFC 10-2458] undeclared symbol thresh_data_ready, assumed default net type wire [G:/verilog_files/Image_Processing/Image_Processing.srcs/sources_1/new/sobel_filter.v:75]
INFO: [VRFC 10-2263] Analyzing Verilog file "G:/verilog_files/Image_Processing/Image_Processing.srcs/sources_1/new/sharpen_filter.v" into library xil_defaultlib
INFO: [VRFC 10-311] analyzing module sharpen_filter
INFO: [VRFC 10-2263] Analyzing Verilog file "G:/verilog_files/Image_Processing/Image_Processing.srcs/sources_1/new/rgb2gray.v" into library xil_defaultlib
INFO: [VRFC 10-311] analyzing module rgb2gray
INFO: [VRFC 10-2263] Analyzing Verilog file "G:/verilog_files/Image_Processing/Image_Processing.srcs/sources_1/new/gaussian_blur_filter.v" into library xil_defaultlib
INFO: [VRFC 10-311] analyzing module gaussian_blur_filter
INFO: [VRFC 10-2263] Analyzing Verilog file "G:/verilog_files/Image_Processing/Image_Processing.srcs/sources_1/new/box_blur_filter.v" into library xil_defaultlib
INFO: [VRFC 10-311] analyzing module box_blur_filter
INFO: [VRFC 10-2263] Analyzing Verilog file "G:/verilog_files/Image_Processing/Image_Processing.srcs/sources_1/new/line_buffer_controller.v" into library xil_defaultlib
INFO: [VRFC 10-311] analyzing module line_buffer_controller
INFO: [VRFC 10-2263] Analyzing Verilog file "G:/verilog_files/Image_Processing/Image_Processing.srcs/sources_1/new/point_processing.v" into library xil_defaultlib
INFO: [VRFC 10-311] analyzing module point_processing
INFO: [VRFC 10-2263] Analyzing Verilog file "G:/verilog_files/Image_Processing/Image_Processing.srcs/sources_1/new/neighborhood_processing.v" into library xil_defaultlib
INFO: [VRFC 10-311] analyzing module neighborhood_processing
INFO: [VRFC 10-2263] Analyzing Verilog file "G:/verilog_files/Image_Processing/Image_Processing.srcs/sources_1/new/image_processing_top.v" into library xil_defaultlib
INFO: [VRFC 10-311] analyzing module image_processing_top
INFO: [VRFC 10-2263] Analyzing Verilog file "G:/verilog_files/Image_Processing/Image_Processing.srcs/sim_1/new/tb.v" into library xil_defaultlib
INFO: [VRFC 10-311] analyzing module tb
INFO: [VRFC 10-2263] Analyzing Verilog file "G:/verilog_files/Image_Processing/Image_Processing.sim/sim_1/behav/glbl.v" into library xil_defaultlib
INFO: [VRFC 10-311] analyzing module glbl
